2026-03-16 20:08:49 - backend.src.services.logger_service - INFO - test info
2026-03-16 20:08:49 - backend.src.services.logger_service - DEBUG - test debug
2026-03-16 20:08:49 - backend.src.services.logger_service - ERROR - test error
2026-03-16 20:11:17 - backend.src.services.logger_service - INFO - test info
2026-03-16 20:11:17 - backend.src.services.logger_service - DEBUG - test debug
2026-03-16 20:11:17 - backend.src.services.logger_service - ERROR - test error
2026-03-16 20:14:57 - backend.src.services.logger_service - INFO - test info
2026-03-16 20:14:57 - backend.src.services.logger_service - DEBUG - test debug
2026-03-16 20:14:57 - backend.src.services.logger_service - ERROR - test error
2026-03-16 20:16:26 - backend.src.services.logger_service - INFO - test info
2026-03-16 20:16:26 - backend.src.services.logger_service - DEBUG - test debug
2026-03-16 20:16:26 - backend.src.services.logger_service - ERROR - test error
2026-03-16 20:17:37 - backend.src.services.logger_service - INFO - test info
2026-03-16 20:17:37 - backend.src.services.logger_service - DEBUG - test debug
2026-03-16 20:17:37 - backend.src.services.logger_service - ERROR - test error
2026-03-16 20:18:59 - backend.src.services.logger_service - INFO - /login API called.
2026-03-16 20:18:59 - backend.src.services.logger_service - INFO - control_user calling...
2026-03-16 20:18:59 - backend.src.services.logger_service - INFO - Result: <backend.src.models.user.User object at 0x7f0a954c0090>
2026-03-16 20:18:59 - backend.src.services.logger_service - WARNING - control_user status is true.
2026-03-16 20:20:03 - backend.src.services.logger_service - INFO - test info
2026-03-16 20:20:03 - backend.src.services.logger_service - DEBUG - test debug
2026-03-16 20:20:03 - backend.src.services.logger_service - ERROR - test error
2026-03-16 20:20:05 - backend.src.services.logger_service - INFO - /login API called.
2026-03-16 20:20:05 - backend.src.services.logger_service - INFO - control_user calling...
2026-03-16 20:20:05 - backend.src.services.logger_service - INFO - Result: muhammetemin
2026-03-16 20:20:05 - backend.src.services.logger_service - WARNING - control_user status is true.
2026-03-16 20:20:40 - backend.src.services.logger_service - INFO - test info
2026-03-16 20:20:40 - backend.src.services.logger_service - DEBUG - test debug
2026-03-16 20:20:40 - backend.src.services.logger_service - ERROR - test error
2026-03-16 20:20:43 - backend.src.services.logger_service - INFO - /login API called.
2026-03-16 20:20:43 - backend.src.services.logger_service - INFO - control_user calling...
2026-03-16 20:20:43 - backend.src.services.logger_service - INFO - Result: muhammetemin
2026-03-16 20:20:43 - backend.src.services.logger_service - INFO - control_user status is true.
2026-03-16 20:21:07 - backend.src.services.logger_service - INFO - test info
2026-03-16 20:21:07 - backend.src.services.logger_service - DEBUG - test debug
2026-03-16 20:21:07 - backend.src.services.logger_service - ERROR - test error
2026-03-16 20:21:11 - backend.src.services.logger_service - INFO - /login API called.
2026-03-16 20:21:11 - backend.src.services.logger_service - INFO - control_user calling...
2026-03-16 20:21:11 - backend.src.services.logger_service - INFO - Result: muhammetemin
2026-03-16 20:21:11 - backend.src.services.logger_service - INFO - control_user status is true.
2026-03-16 20:32:17 - backend.src.services.logger_service - INFO - test info
2026-03-16 20:32:17 - backend.src.services.logger_service - DEBUG - test debug
2026-03-16 20:32:17 - backend.src.services.logger_service - ERROR - test error
2026-03-16 20:32:23 - backend.src.services.logger_service - INFO - /login API called.
2026-03-16 20:32:23 - backend.src.services.logger_service - INFO - control_user calling...
2026-03-16 20:32:23 - backend.src.services.logger_service - INFO - Result: muhammetemin
2026-03-16 20:32:23 - backend.src.services.logger_service - INFO - control_user status is true.
2026-03-16 20:34:26 - backend.src.services.logger_service - INFO - test info
2026-03-16 20:34:26 - backend.src.services.logger_service - DEBUG - test debug
2026-03-16 20:34:26 - backend.src.services.logger_service - ERROR - test error
2026-03-16 20:34:31 - backend.src.services.logger_service - INFO - /login API called.
2026-03-16 20:34:31 - backend.src.services.logger_service - INFO - control_user calling...
2026-03-16 20:34:31 - backend.src.services.logger_service - INFO - Result: muhammetemin
2026-03-16 20:34:31 - backend.src.services.logger_service - INFO - control_user status is true.
2026-03-16 20:34:53 - backend.src.services.logger_service - INFO - test info
2026-03-16 20:34:53 - backend.src.services.logger_service - DEBUG - test debug
2026-03-16 20:34:53 - backend.src.services.logger_service - ERROR - test error
2026-03-16 20:34:57 - backend.src.services.logger_service - INFO - /login API called.
2026-03-16 20:34:57 - backend.src.services.logger_service - INFO - control_user calling...
2026-03-16 20:34:57 - backend.src.services.logger_service - INFO - Result: muhammetemin
2026-03-16 20:34:57 - backend.src.services.logger_service - INFO - control_user status is true.
2026-03-16 20:36:03 - backend.src.services.logger_service - INFO - test info
2026-03-16 20:36:03 - backend.src.services.logger_service - DEBUG - test debug
2026-03-16 20:36:03 - backend.src.services.logger_service - ERROR - test error
2026-03-16 20:36:06 - backend.src.services.logger_service - INFO - /login API called.
2026-03-16 20:36:06 - backend.src.services.logger_service - INFO - control_user calling...
2026-03-16 20:36:06 - backend.src.services.logger_service - INFO - Result: muhammetemin
2026-03-16 20:36:06 - backend.src.services.logger_service - INFO - control_user status is true.
2026-03-16 20:37:35 - backend.src.services.logger_service - INFO - test info
2026-03-16 20:37:35 - backend.src.services.logger_service - DEBUG - test debug
2026-03-16 20:37:35 - backend.src.services.logger_service - ERROR - test error
2026-03-16 20:37:38 - backend.src.services.logger_service - INFO - /login API called.
2026-03-16 20:37:38 - backend.src.services.logger_service - INFO - control_user calling...
2026-03-16 20:37:38 - backend.src.services.logger_service - INFO - Result: muhammetemin
2026-03-16 20:37:38 - backend.src.services.logger_service - INFO - control_user status is true.
2026-03-16 20:37:59 - backend.src.services.logger_service - INFO - /login API called.
2026-03-16 20:37:59 - backend.src.services.logger_service - INFO - control_user calling...
2026-03-16 20:38:48 - backend.src.services.logger_service - INFO - test info
2026-03-16 20:38:48 - backend.src.services.logger_service - DEBUG - test debug
2026-03-16 20:38:48 - backend.src.services.logger_service - ERROR - test error
2026-03-16 20:38:50 - backend.src.services.logger_service - INFO - /login API called.
2026-03-16 20:38:50 - backend.src.services.logger_service - INFO - control_user calling...
2026-03-16 20:38:50 - backend.src.services.logger_service - INFO - Result: None
2026-03-16 20:43:16 - backend.src.services.logger_service - INFO - test info
2026-03-16 20:43:16 - backend.src.services.logger_service - DEBUG - test debug
2026-03-16 20:43:16 - backend.src.services.logger_service - ERROR - test error
2026-03-16 20:43:27 - backend.src.services.logger_service - INFO - /login API called.
2026-03-16 20:43:27 - backend.src.services.logger_service - INFO - control_user calling...
2026-03-16 20:43:27 - backend.src.services.logger_service - INFO - Result: None
2026-03-16 20:43:27 - backend.src.services.logger_service - WARNING - control_user status isn't true.
2026-03-16 20:43:39 - backend.src.services.logger_service - INFO - /login API called.
2026-03-16 20:43:39 - backend.src.services.logger_service - INFO - control_user calling...
2026-03-16 20:43:39 - backend.src.services.logger_service - INFO - Result: <backend.src.models.user.User object at 0x7f476e688cd0>
2026-03-16 20:43:39 - backend.src.services.logger_service - INFO - Result: muhammetemin
2026-03-16 20:43:39 - backend.src.services.logger_service - INFO - control_user status is true.
2026-03-16 20:47:44 - backend.src.services.logger_service - INFO - test info
2026-03-16 20:47:44 - backend.src.services.logger_service - DEBUG - test debug
2026-03-16 20:47:44 - backend.src.services.logger_service - ERROR - test error
2026-03-16 20:48:39 - backend.src.services.logger_service - INFO - test info
2026-03-16 20:48:39 - backend.src.services.logger_service - DEBUG - test debug
2026-03-16 20:48:39 - backend.src.services.logger_service - ERROR - test error
2026-03-16 20:49:36 - backend.src.services.logger_service - INFO - test info
2026-03-16 20:49:36 - backend.src.services.logger_service - DEBUG - test debug
2026-03-16 20:49:36 - backend.src.services.logger_service - ERROR - test error
2026-03-16 21:06:04 - backend.src.services.logger_service - INFO - test info
2026-03-16 21:06:04 - backend.src.services.logger_service - DEBUG - test debug
2026-03-16 21:06:04 - backend.src.services.logger_service - ERROR - test error
2026-03-16 21:06:37 - backend.src.services.logger_service - INFO - /login API called.
2026-03-16 21:06:37 - backend.src.services.logger_service - INFO - control_user calling...
2026-03-16 21:06:38 - backend.src.services.logger_service - INFO - Result: <backend.src.models.user.User object at 0x7fe6c303c8d0>
2026-03-16 21:06:38 - backend.src.services.logger_service - INFO - Result: muhammetemin
2026-03-16 21:06:38 - backend.src.services.logger_service - INFO - control_user status is true.
2026-03-16 21:07:40 - backend.src.services.logger_service - INFO - test info
2026-03-16 21:07:40 - backend.src.services.logger_service - DEBUG - test debug
2026-03-16 21:07:40 - backend.src.services.logger_service - ERROR - test error
2026-03-16 21:08:28 - backend.src.services.logger_service - INFO - test info
2026-03-16 21:08:28 - backend.src.services.logger_service - DEBUG - test debug
2026-03-16 21:08:28 - backend.src.services.logger_service - ERROR - test error
2026-03-16 21:09:41 - backend.src.services.logger_service - INFO - test info
2026-03-16 21:09:41 - backend.src.services.logger_service - DEBUG - test debug
2026-03-16 21:09:41 - backend.src.services.logger_service - ERROR - test error
2026-03-16 21:09:55 - backend.src.services.logger_service - INFO - /login API called.
2026-03-16 21:09:55 - backend.src.services.logger_service - INFO - control_user calling...
2026-03-16 21:09:55 - backend.src.services.logger_service - INFO - Result: <backend.src.models.user.User object at 0x7f429ecfbc50>
2026-03-16 21:09:55 - backend.src.services.logger_service - INFO - Result: muhammetemin
2026-03-16 21:09:55 - backend.src.services.logger_service - INFO - control_user status is true.
2026-03-16 21:17:02 - backend.src.services.logger_service - INFO - test info
2026-03-16 21:17:02 - backend.src.services.logger_service - DEBUG - test debug
2026-03-16 21:17:02 - backend.src.services.logger_service - ERROR - test error
2026-03-16 21:17:23 - backend.src.services.logger_service - INFO - test info
2026-03-16 21:17:23 - backend.src.services.logger_service - DEBUG - test debug
2026-03-16 21:17:23 - backend.src.services.logger_service - ERROR - test error
2026-03-16 21:17:51 - backend.src.services.logger_service - INFO - /login API called.
2026-03-16 21:17:51 - backend.src.services.logger_service - INFO - control_user calling...
2026-03-16 21:17:51 - backend.src.services.logger_service - INFO - Result: <backend.src.models.user.User object at 0x7febc6646f10>
2026-03-16 21:17:51 - backend.src.services.logger_service - INFO - Result: muhammetemin
2026-03-16 21:17:51 - backend.src.services.logger_service - INFO - control_user status is true.
2026-03-18 19:57:28 - backend.src.services.logger_service - INFO - test info
2026-03-18 19:57:28 - backend.src.services.logger_service - DEBUG - test debug
2026-03-18 19:57:28 - backend.src.services.logger_service - ERROR - test error
2026-03-18 19:59:24 - backend.src.services.logger_service - INFO - /login API called.
2026-03-18 19:59:24 - backend.src.services.logger_service - INFO - control_user calling...
2026-03-18 19:59:24 - backend.src.services.logger_service - INFO - Result: <backend.src.models.user.User object at 0x7fd9f0923590>
2026-03-18 19:59:24 - backend.src.services.logger_service - INFO - Result: muhammetemin
2026-03-18 19:59:24 - backend.src.services.logger_service - INFO - control_user status is true.
2026-03-18 20:42:09 - backend.src.services.logger_service - INFO - test info
2026-03-18 20:42:09 - backend.src.services.logger_service - DEBUG - test debug
2026-03-18 20:42:09 - backend.src.services.logger_service - ERROR - test error
2026-03-18 21:49:41 - backend.src.services.logger_service - INFO - test info
2026-03-18 21:49:41 - backend.src.services.logger_service - DEBUG - test debug
2026-03-18 21:49:41 - backend.src.services.logger_service - ERROR - test error
2026-03-18 21:50:30 - backend.src.services.logger_service - INFO - /login API called.
2026-03-18 21:50:30 - backend.src.services.logger_service - INFO - control_user calling...
2026-03-18 21:50:30 - backend.src.services.logger_service - INFO - Result: <backend.src.models.user.User object at 0x7f361b1732d0>
2026-03-18 21:50:30 - backend.src.services.logger_service - INFO - Result: muhammetemin
2026-03-18 21:50:30 - backend.src.services.logger_service - INFO - control_user status is true.
2026-03-18 21:56:57 - backend.src.services.logger_service - INFO - test info
2026-03-18 21:56:57 - backend.src.services.logger_service - DEBUG - test debug
2026-03-18 21:56:57 - backend.src.services.logger_service - ERROR - test error
2026-03-18 21:57:31 - backend.src.services.logger_service - INFO - /login API called.
2026-03-18 21:57:31 - backend.src.services.logger_service - INFO - control_user calling...
2026-03-18 21:57:31 - backend.src.services.logger_service - INFO - Result: <backend.src.models.user.User object at 0x7f00165f1d90>
2026-03-18 21:57:31 - backend.src.services.logger_service - INFO - Result: muhammetemin
2026-03-18 21:57:31 - backend.src.services.logger_service - INFO - control_user status is true.
2026-03-18 21:58:03 - backend.src.services.logger_service - INFO - /login API called.
2026-03-18 21:58:03 - backend.src.services.logger_service - INFO - control_user calling...
2026-03-18 21:58:03 - backend.src.services.logger_service - INFO - Result: <backend.src.models.user.User object at 0x7f00165f3610>
2026-03-18 21:58:03 - backend.src.services.logger_service - INFO - Result: muhammetemin
2026-03-18 21:58:03 - backend.src.services.logger_service - INFO - control_user status is true.
2026-03-19 21:31:21 - backend.src.services.logger_service - INFO - /login API called.
2026-03-19 21:31:21 - backend.src.services.logger_service - INFO - control_user calling...
2026-03-19 21:31:21 - backend.src.services.logger_service - INFO - Result: <backend.src.models.user.User object at 0x7f00165f3d10>
2026-03-19 21:31:21 - backend.src.services.logger_service - INFO - Result: muhammetemin
2026-03-19 21:31:21 - backend.src.services.logger_service - INFO - control_user status is true.
2026-03-20 08:34:11 - backend.src.services.logger_service - INFO - test info
2026-03-20 08:34:11 - backend.src.services.logger_service - DEBUG - test debug
2026-03-20 08:34:11 - backend.src.services.logger_service - ERROR - test error
